# JRE version: OpenJDK Runtime Environment (11.0.13) (build 11.0.13+0-b1751.21-8125866)
# Java VM: OpenJDK 64-Bit Server VM (11.0.13+0-b1751.21-8125866, mixed mode, tiered, compressed oops, g1 gc, windows-amd64)
Heap:
 garbage-first heap   total 303104K, used 166254K [0x0000000080000000, 0x0000000100000000)
  region size 1024K, 117 young (119808K), 9 survivors (9216K)
 Metaspace       used 68847K, capacity 70560K, committed 70704K, reserved 1112064K
  class space    used 8434K, capacity 9086K, committed 9088K, reserved 1048576K
GC Heap History (20 events):
Event: 62.949 GC heap before
{Heap before GC invocations=20 (full 0):
 garbage-first heap   total 251904K, used 196058K [0x0000000080000000, 0x0000000100000000)
  region size 1024K, 148 young (151552K), 8 survivors (8192K)
 Metaspace       used 68704K, capacity 70430K, committed 70448K, reserved 1110016K
  class space    used 8420K, capacity 9086K, committed 9088K, reserved 1048576K
}
Event: 62.954 GC heap after
{Heap after GC invocations=21 (full 0):
 garbage-first heap   total 251904K, used 53869K [0x0000000080000000, 0x0000000100000000)
  region size 1024K, 7 young (7168K), 7 survivors (7168K)
 Metaspace       used 68704K, capacity 70430K, committed 70448K, reserved 1110016K
  class space    used 8420K, capacity 9086K, committed 9088K, reserved 1048576K
}
Event: 63.248 GC heap before
{Heap before GC invocations=21 (full 0):
 garbage-first heap   total 251904K, used 196205K [0x0000000080000000, 0x0000000100000000)
  region size 1024K, 148 young (151552K), 7 survivors (7168K)
 Metaspace       used 68731K, capacity 70494K, committed 70704K, reserved 1112064K
  class space    used 8423K, capacity 9086K, committed 9088K, reserved 1048576K
}
Event: 63.254 GC heap after
{Heap after GC invocations=22 (full 0):
 garbage-first heap   total 251904K, used 55401K [0x0000000080000000, 0x0000000100000000)
  region size 1024K, 9 young (9216K), 9 survivors (9216K)
 Metaspace       used 68731K, capacity 70494K, committed 70704K, reserved 1112064K
  class space    used 8423K, capacity 9086K, committed 9088K, reserved 1048576K
}
Event: 63.528 GC heap before
{Heap before GC invocations=22 (full 0):
 garbage-first heap   total 251904K, used 196713K [0x0000000080000000, 0x0000000100000000)
  region size 1024K, 147 young (150528K), 9 survivors (9216K)
 Metaspace       used 68809K, capacity 70558K, committed 70704K, reserved 1112064K
  class space    used 8433K, capacity 9086K, committed 9088K, reserved 1048576K
}
Event: 63.536 GC heap after
{Heap after GC invocations=23 (full 0):
 garbage-first heap   total 251904K, used 59205K [0x0000000080000000, 0x0000000100000000)
  region size 1024K, 12 young (12288K), 12 survivors (12288K)
 Metaspace       used 68809K, capacity 70558K, committed 70704K, reserved 1112064K
  class space    used 8433K, capacity 9086K, committed 9088K, reserved 1048576K
}
Event: 63.816 GC heap before
{Heap before GC invocations=23 (full 0):
 garbage-first heap   total 251904K, used 197445K [0x0000000080000000, 0x0000000100000000)
  region size 1024K, 147 young (150528K), 12 survivors (12288K)
 Metaspace       used 68817K, capacity 70558K, committed 70704K, reserved 1112064K
  class space    used 8433K, capacity 9086K, committed 9088K, reserved 1048576K
}
Event: 63.821 GC heap after
{Heap after GC invocations=24 (full 0):
 garbage-first heap   total 251904K, used 57304K [0x0000000080000000, 0x0000000100000000)
  region size 1024K, 10 young (10240K), 10 survivors (10240K)
 Metaspace       used 68817K, capacity 70558K, committed 70704K, reserved 1112064K
  class space    used 8433K, capacity 9086K, committed 9088K, reserved 1048576K
}
Event: 64.080 GC heap before
{Heap before GC invocations=24 (full 0):
 garbage-first heap   total 251904K, used 196568K [0x0000000080000000, 0x0000000100000000)
  region size 1024K, 148 young (151552K), 10 survivors (10240K)
 Metaspace       used 68824K, capacity 70558K, committed 70704K, reserved 1112064K
  class space    used 8433K, capacity 9086K, committed 9088K, reserved 1048576K
}
Event: 64.085 GC heap after
{Heap after GC invocations=25 (full 0):
 garbage-first heap   total 251904K, used 57014K [0x0000000080000000, 0x0000000100000000)
  region size 1024K, 9 young (9216K), 9 survivors (9216K)
 Metaspace       used 68824K, capacity 70558K, committed 70704K, reserved 1112064K
  class space    used 8433K, capacity 9086K, committed 9088K, reserved 1048576K
}
Event: 64.354 GC heap before
{Heap before GC invocations=25 (full 0):
 garbage-first heap   total 251904K, used 197302K [0x0000000080000000, 0x0000000100000000)
  region size 1024K, 147 young (150528K), 9 survivors (9216K)
 Metaspace       used 68828K, capacity 70559K, committed 70704K, reserved 1112064K
  class space    used 8433K, capacity 9086K, committed 9088K, reserved 1048576K
}
Event: 64.359 GC heap after
{Heap after GC invocations=26 (full 0):
 garbage-first heap   total 251904K, used 56524K [0x0000000080000000, 0x0000000100000000)
  region size 1024K, 9 young (9216K), 9 survivors (9216K)
 Metaspace       used 68828K, capacity 70559K, committed 70704K, reserved 1112064K
  class space    used 8433K, capacity 9086K, committed 9088K, reserved 1048576K
}
Event: 64.639 GC heap before
{Heap before GC invocations=26 (full 0):
 garbage-first heap   total 251904K, used 196812K [0x0000000080000000, 0x0000000100000000)
  region size 1024K, 147 young (150528K), 9 survivors (9216K)
 Metaspace       used 68839K, capacity 70559K, committed 70704K, reserved 1112064K
  class space    used 8433K, capacity 9086K, committed 9088K, reserved 1048576K
}
Event: 64.646 GC heap after
{Heap after GC invocations=27 (full 0):
 garbage-first heap   total 251904K, used 56763K [0x0000000080000000, 0x0000000100000000)
  region size 1024K, 9 young (9216K), 9 survivors (9216K)
 Metaspace       used 68839K, capacity 70559K, committed 70704K, reserved 1112064K
  class space    used 8433K, capacity 9086K, committed 9088K, reserved 1048576K
}
Event: 64.901 GC heap before
{Heap before GC invocations=27 (full 0):
 garbage-first heap   total 251904K, used 197051K [0x0000000080000000, 0x0000000100000000)
  region size 1024K, 147 young (150528K), 9 survivors (9216K)
 Metaspace       used 68841K, capacity 70560K, committed 70704K, reserved 1112064K
  class space    used 8433K, capacity 9086K, committed 9088K, reserved 1048576K
}
Event: 64.907 GC heap after
{Heap after GC invocations=28 (full 0):
 garbage-first heap   total 251904K, used 56126K [0x0000000080000000, 0x0000000100000000)
  region size 1024K, 9 young (9216K), 9 survivors (9216K)
 Metaspace       used 68841K, capacity 70560K, committed 70704K, reserved 1112064K
  class space    used 8433K, capacity 9086K, committed 9088K, reserved 1048576K
}
Event: 65.221 GC heap before
{Heap before GC invocations=28 (full 0):
 garbage-first heap   total 251904K, used 196414K [0x0000000080000000, 0x0000000100000000)
  region size 1024K, 148 young (151552K), 9 survivors (9216K)
 Metaspace       used 68843K, capacity 70560K, committed 70704K, reserved 1112064K
  class space    used 8433K, capacity 9086K, committed 9088K, reserved 1048576K
}
Event: 65.228 GC heap after
{Heap after GC invocations=29 (full 0):
 garbage-first heap   total 303104K, used 56606K [0x0000000080000000, 0x0000000100000000)
  region size 1024K, 9 young (9216K), 9 survivors (9216K)
 Metaspace       used 68843K, capacity 70560K, committed 70704K, reserved 1112064K
  class space    used 8433K, capacity 9086K, committed 9088K, reserved 1048576K
}
Event: 65.652 GC heap before
{Heap before GC invocations=29 (full 0):
 garbage-first heap   total 303104K, used 228638K [0x0000000080000000, 0x0000000100000000)
  region size 1024K, 177 young (181248K), 9 survivors (9216K)
 Metaspace       used 68847K, capacity 70560K, committed 70704K, reserved 1112064K
  class space    used 8434K, capacity 9086K, committed 9088K, reserved 1048576K
}
Event: 65.658 GC heap after
{Heap after GC invocations=30 (full 0):
 garbage-first heap   total 303104K, used 57710K [0x0000000080000000, 0x0000000100000000)
  region size 1024K, 9 young (9216K), 9 survivors (9216K)
 Metaspace       used 68847K, capacity 70560K, committed 70704K, reserved 1112064K
  class space    used 8434K, capacity 9086K, committed 9088K, reserved 1048576K
}

